Struct.proto(4,1): warning G1A4DC0EC: Import Enum.proto is unused.
Protocol.proto(4,1): warning G1A4DC0EC: Import Enum.proto is unused.
  E:Enum.pb.h
  1개 파일이 복사되었습니다.
  E:Enum.pb.cc
  1개 파일이 복사되었습니다.
  E:Struct.pb.h
  1개 파일이 복사되었습니다.
  E:Struct.pb.cc
  1개 파일이 복사되었습니다.
  E:Protocol.pb.h
  1개 파일이 복사되었습니다.
  E:Protocol.pb.cc
  1개 파일이 복사되었습니다.
  E:Enum.pb.h
  1개 파일이 복사되었습니다.
  E:Enum.pb.cc
  1개 파일이 복사되었습니다.
  E:Struct.pb.h
  1개 파일이 복사되었습니다.
  E:Struct.pb.cc
  1개 파일이 복사되었습니다.
  E:Protocol.pb.h
  1개 파일이 복사되었습니다.
  E:Protocol.pb.cc
  1개 파일이 복사되었습니다.
  E:\Cpp\IOCP\Server\Common\protoc-21.12-win64\bin\*.h을(를) 찾을 수 없습니다.
  계속하려면 아무 키나 누르십시오 . . . 
  pch.cpp
  Enum.pb.cc
  Protocol.pb.cc
  Struct.pb.cc
  코드를 생성하고 있습니다...
  GameSession.cpp
  GameSessionManager.cpp
  Server.cpp
  ServerPacketHandler.cpp
E:\Cpp\IOCP\Server\Server\ServerPacketHandler.cpp(18,2): warning C4065: switch문에 'default'가 있으나 'case' 레이블이 없습니다.
  코드를 생성하고 있습니다...
  Server.vcxproj -> E:\Cpp\IOCP\Server\Binaries\x64\Server.exe
